c:\users\beerr2600\yandexdisk\svdcollocationanalyzer\svdcollocationanalyzer\x64\release\vc142.pdb
c:\users\beerr2600\yandexdisk\svdcollocationanalyzer\svdcollocationanalyzer\x64\release\piecewise_container_class.obj
c:\users\beerr2600\yandexdisk\svdcollocationanalyzer\svdcollocationanalyzer\x64\release\parser.obj
c:\users\beerr2600\yandexdisk\svdcollocationanalyzer\svdcollocationanalyzer\x64\release\main.obj
c:\users\beerr2600\yandexdisk\svdcollocationanalyzer\svdcollocationanalyzer\x64\release\list_of_functions.obj
c:\users\beerr2600\yandexdisk\svdcollocationanalyzer\svdcollocationanalyzer\x64\release\container_class_interface.obj
c:\users\beerr2600\yandexdisk\svdcollocationanalyzer\x64\release\svdcollocationanalyzer.exe
c:\users\beerr2600\yandexdisk\svdcollocationanalyzer\svdcollocationanalyzer\x64\release\svdcollocationanalyzer.ipdb
c:\users\beerr2600\yandexdisk\svdcollocationanalyzer\svdcollocationanalyzer\x64\release\svdcollocationanalyzer.iobj
c:\users\beerr2600\yandexdisk\svdcollocationanalyzer\x64\release\svdcollocationanalyzer.pdb
c:\users\strelkov\yandexdisk\svdcollocationanalyzer\svdcollocationanalyzer\x64\release\container_class_interface.obj
c:\users\strelkov\yandexdisk\svdcollocationanalyzer\svdcollocationanalyzer\x64\release\list_of_functions.obj
c:\users\strelkov\yandexdisk\svdcollocationanalyzer\svdcollocationanalyzer\x64\release\main.obj
c:\users\strelkov\yandexdisk\svdcollocationanalyzer\svdcollocationanalyzer\x64\release\parser.obj
c:\users\strelkov\yandexdisk\svdcollocationanalyzer\svdcollocationanalyzer\x64\release\piecewise_container_class.obj
c:\users\strelkov\yandexdisk\svdcollocationanalyzer\svdcollocationanalyzer\x64\release\svdcollocationanalyzer.ipdb
c:\users\strelkov\yandexdisk\svdcollocationanalyzer\svdcollocationanalyzer\x64\release\svdcollocationanalyzer.iobj
c:\users\strelkov\yandexdisk\svdcollocationanalyzer\svdcollocationanalyzer\x64\release\vc142.pdb
c:\users\strelkov\yandexdisk\svdcollocationanalyzer\x64\release\svdcollocationanalyzer.pdb
c:\users\strelkov\yandexdisk\svdcollocationanalyzer\x64\release\svdcollocationanalyzer.exe
c:\users\strelkov\yandexdisk\svdcollocationanalyzer\svdcollocationanalyzer\x64\release\svdcollo.c8ee62fc.tlog\cl.command.1.tlog
c:\users\strelkov\yandexdisk\svdcollocationanalyzer\svdcollocationanalyzer\x64\release\svdcollo.c8ee62fc.tlog\cl.read.1.tlog
c:\users\strelkov\yandexdisk\svdcollocationanalyzer\svdcollocationanalyzer\x64\release\svdcollo.c8ee62fc.tlog\cl.write.1.tlog
c:\users\strelkov\yandexdisk\svdcollocationanalyzer\svdcollocationanalyzer\x64\release\svdcollo.c8ee62fc.tlog\link.command.1.tlog
c:\users\strelkov\yandexdisk\svdcollocationanalyzer\svdcollocationanalyzer\x64\release\svdcollo.c8ee62fc.tlog\link.read.1.tlog
c:\users\strelkov\yandexdisk\svdcollocationanalyzer\svdcollocationanalyzer\x64\release\svdcollo.c8ee62fc.tlog\link.write.1.tlog
