C:\Program Files (x86)\Microsoft Visual Studio\2019\Community\MSBuild\Microsoft\VC\v160\Platforms\x64\PlatformToolsets\v142\ImportAfter\Intel.Libs.oneMKL.v142.targets(41,5): warning : Could not expand oneMKLOmpLibDir variable. Corresponding version of Intel(R) oneMKL is not installed or the registry information may be incorrect. 
  analyzer.cpp
  container_class_interface.cpp
  list_of_functions.cpp
  main.cpp
  math_core.cpp
  parser.cpp
  piecewise_container_class.cpp
  sparce_container_class.cpp
C:\Users\Dmitry\Documents\SVDCollocationAnalyzer\SVDCollocationAnalyzer\analyzer.cpp(375,150): warning C4838: Преобразование из "int" в "short" требует сужающего преобразования.
C:\Users\Dmitry\Documents\SVDCollocationAnalyzer\SVDCollocationAnalyzer\analyzer.cpp(383,155): warning C4838: Преобразование из "int" в "short" требует сужающего преобразования.
  SVDCollocationAnalyzer.vcxproj -> C:\Users\Dmitry\Documents\SVDCollocationAnalyzer\SVDCollocationAnalyzer\x64\Debug\SVDCollocationAnalyzer.exe
C:\tsl\include\robin_growth_policy.h(383): warning C26451: Арифметическое переполнение: использование оператора "+" на байтовом значении 4 и приведение результата к байтовому значению 8. Приведите значение к более широкому типу перед вызовом оператора "+", чтобы избежать переполнения (io.2).
C:\tsl\include\robin_growth_policy.h(388): warning C26451: Арифметическое переполнение: использование оператора "+" на байтовом значении 4 и приведение результата к байтовому значению 8. Приведите значение к более широкому типу перед вызовом оператора "+", чтобы избежать переполнения (io.2).
C:\RGD\SVD MATH\eigen-3.3.8\Eigen\src\Core\arch\SSE\Complex.h(20): warning C26495: Переменная "Eigen::internal::Packet2cf::v" не инициализирована. Всегда инициализируйте переменную-член (type.6).
C:\RGD\SVD MATH\eigen-3.3.8\Eigen\src\Core\arch\SSE\Complex.h(251): warning C26495: Переменная "Eigen::internal::Packet1cd::v" не инициализирована. Всегда инициализируйте переменную-член (type.6).
C:\RGD\SVD MATH\eigen-3.3.8\Eigen\src\Core\arch\CUDA\Half.h(388): warning C26450: Арифметическое переполнение: операция "<<" переполнение во время компиляции. Используйте более широкий тип для хранения операндов (io.1).
C:\RGD\SVD MATH\eigen-3.3.8\Eigen\src\Core\products\GeneralBlockPanelKernel.h(55): warning C26812: Тип перечисления "Eigen::Action" не входит в область. Старайтесь использовать "enum class" вместо "enum" (Enum.3).
C:\RGD\SVD MATH\eigen-3.3.8\Eigen\src\IterativeLinearSolvers\BasicPreconditioners.h(221): warning C26812: Тип перечисления "Eigen::ComputationInfo" не входит в область. Старайтесь использовать "enum class" вместо "enum" (Enum.3).
C:\local\boost_1_75_0\boost\smart_ptr\detail\local_counted_base.hpp(45): warning C26812: Тип перечисления "boost::detail::local_counted_base::count_type" не входит в область. Старайтесь использовать "enum class" вместо "enum" (Enum.3).
C:\local\boost_1_75_0\boost\function\function_base.hpp(603): warning C26495: Переменная "boost::function_base::functor" не инициализирована. Всегда инициализируйте переменную-член (type.6).
C:\local\boost_1_75_0\boost\locale\boundary\types.hpp(111): warning C26812: Тип перечисления "boost::locale::boundary::boundary_type" не входит в область. Старайтесь использовать "enum class" вместо "enum" (Enum.3).
C:\local\boost_1_75_0\boost\locale\date_time_facet.hpp(75): warning C26812: Тип перечисления "boost::locale::period::marks::period_mark" не входит в область. Старайтесь использовать "enum class" вместо "enum" (Enum.3).
C:\local\boost_1_75_0\boost\locale\encoding.hpp(178): warning C26812: Тип перечисления "boost::locale::conv::method_type" не входит в область. Старайтесь использовать "enum class" вместо "enum" (Enum.3).
C:\local\boost_1_75_0\boost\iostreams\device\mapped_file.hpp(88): warning C26812: Тип перечисления "boost::iostreams::mapped_file_base::mapmode" не входит в область. Старайтесь использовать "enum class" вместо "enum" (Enum.3).
C:\re2\include\re2.h(286): warning C26812: Тип перечисления "re2::RE2::ErrorCode" не входит в область. Старайтесь использовать "enum class" вместо "enum" (Enum.3).
C:\re2\include\re2.h(656): warning C26812: Тип перечисления "re2::RE2::Options::Encoding" не входит в область. Старайтесь использовать "enum class" вместо "enum" (Enum.3).
C:\re2\include\re2.h(957): warning C26812: Тип перечисления "re2::RE2::CannedOptions" не входит в область. Старайтесь использовать "enum class" вместо "enum" (Enum.3).
C:\Users\Dmitry\Documents\SVDCollocationAnalyzer\SVDCollocationAnalyzer\container_class_interface.h(7): warning C26495: Переменная "container_class_interface::count_of_collocations" не инициализирована. Всегда инициализируйте переменную-член (type.6).
C:\Users\Dmitry\Documents\SVDCollocationAnalyzer\SVDCollocationAnalyzer\piecewise_container_class.h(14): warning C26451: Арифметическое переполнение: использование оператора "+" на байтовом значении 4 и приведение результата к байтовому значению 8. Приведите значение к более широкому типу перед вызовом оператора "+", чтобы избежать переполнения (io.2).
C:\Users\Dmitry\Documents\SVDCollocationAnalyzer\SVDCollocationAnalyzer\piecewise_container_class.h(16): warning C26451: Арифметическое переполнение: использование оператора "+" на байтовом значении 4 и приведение результата к байтовому значению 8. Приведите значение к более широкому типу перед вызовом оператора "+", чтобы избежать переполнения (io.2).
C:\Users\Dmitry\Documents\SVDCollocationAnalyzer\SVDCollocationAnalyzer\piecewise_container_class.h(24): warning C26451: Арифметическое переполнение: использование оператора "+" на байтовом значении 4 и приведение результата к байтовому значению 8. Приведите значение к более широкому типу перед вызовом оператора "+", чтобы избежать переполнения (io.2).
C:\Users\Dmitry\Documents\SVDCollocationAnalyzer\SVDCollocationAnalyzer\piecewise_container_class.h(26): warning C26451: Арифметическое переполнение: использование оператора "+" на байтовом значении 4 и приведение результата к байтовому значению 8. Приведите значение к более широкому типу перед вызовом оператора "+", чтобы избежать переполнения (io.2).
C:\Users\Dmitry\Documents\SVDCollocationAnalyzer\SVDCollocationAnalyzer\analyzer.cpp(5): warning C6993: При анализе кода структуры OpenMP игнорируются; анализируется код одного потока.
C:\Users\Dmitry\Documents\SVDCollocationAnalyzer\SVDCollocationAnalyzer\list_of_types.h(101): warning C26495: Переменная "word_and_number_of_appearances_structure::number_of_appearances_of_this_word" не инициализирована. Всегда инициализируйте переменную-член (type.6).
C:\Users\Dmitry\Documents\SVDCollocationAnalyzer\SVDCollocationAnalyzer\analyzer.cpp(147): warning C26451: Арифметическое переполнение: использование оператора "+" на байтовом значении 4 и приведение результата к байтовому значению 8. Приведите значение к более широкому типу перед вызовом оператора "+", чтобы избежать переполнения (io.2).
C:\Users\Dmitry\Documents\SVDCollocationAnalyzer\SVDCollocationAnalyzer\analyzer.cpp(147): warning C26451: Арифметическое переполнение: использование оператора "+" на байтовом значении 4 и приведение результата к байтовому значению 8. Приведите значение к более широкому типу перед вызовом оператора "+", чтобы избежать переполнения (io.2).
C:\tsl\include\robin_hash.h(1075): warning C26451: Арифметическое переполнение: использование оператора "*" на байтовом значении 4 и приведение результата к байтовому значению 8. Приведите значение к более широкому типу перед вызовом оператора "*", чтобы избежать переполнения (io.2).
C:\tsl\include\robin_hash.h(181): warning C26495: Переменная "tsl::detail_robin_hash::bucket_entry<std::pair<three_coordinate_structure,int>,0>::m_value" не инициализирована. Всегда инициализируйте переменную-член (type.6).
C:\RGD\SVD MATH\eigen-3.3.8\Eigen\src\Core\PlainObjectBase.h(44): warning C26454: Арифметическое переполнение: операция "-" формирует отрицательный результат без знака во время компиляции (io.5).
C:\RGD\SVD MATH\eigen-3.3.8\Eigen\src\SVD\BDCSVD.h(293): warning C26451: Арифметическое переполнение: использование оператора "+" на байтовом значении 4 и приведение результата к байтовому значению 8. Приведите значение к более широкому типу перед вызовом оператора "+", чтобы избежать переполнения (io.2).
C:\tsl\include\robin_hash.h(174): warning C26495: Переменная "tsl::detail_robin_hash::bucket_entry<std::pair<three_coordinate_structure,int>,0>::m_value" не инициализирована. Всегда инициализируйте переменную-член (type.6).
C:\RGD\SVD MATH\eigen-3.3.8\Eigen\src\QR\ColPivHouseholderQR.h(83): warning C26495: Переменная "Eigen::ColPivHouseholderQR<Eigen::Matrix<float,-1,-1,0,-1,-1> >::m_prescribedThreshold" не инициализирована. Всегда инициализируйте переменную-член (type.6).
C:\RGD\SVD MATH\eigen-3.3.8\Eigen\src\Jacobi\Jacobi.h(40): warning C26495: Переменная "Eigen::JacobiRotation<float>::m_c" не инициализирована. Всегда инициализируйте переменную-член (type.6).
C:\RGD\SVD MATH\eigen-3.3.8\Eigen\src\QR\ColPivHouseholderQR.h(100): warning C26495: Переменная "Eigen::ColPivHouseholderQR<Eigen::Matrix<float,-1,-1,0,-1,-1> >::m_prescribedThreshold" не инициализирована. Всегда инициализируйте переменную-член (type.6).
C:\RGD\SVD MATH\eigen-3.3.8\Eigen\src\Core\DenseStorage.h(107): warning C26495: Переменная "Eigen::internal::plain_array<float,4,0,16>::array" не инициализирована. Всегда инициализируйте переменную-член (type.6).
C:\RGD\SVD MATH\eigen-3.3.8\Eigen\src\Core\products\Parallelizer.h(133): warning C6255: Функция _alloca сообщает об ошибке, вызывая исключение переполнения стека.  Попробуйте вместо этого использовать _malloca.
C:\RGD\SVD MATH\eigen-3.3.8\Eigen\src\Core\products\GeneralMatrixMatrix.h(95): warning C6255: Функция _alloca сообщает об ошибке, вызывая исключение переполнения стека.  Попробуйте вместо этого использовать _malloca.
C:\RGD\SVD MATH\eigen-3.3.8\Eigen\src\Core\products\GeneralMatrixMatrix.h(164): warning C6255: Функция _alloca сообщает об ошибке, вызывая исключение переполнения стека.  Попробуйте вместо этого использовать _malloca.
C:\RGD\SVD MATH\eigen-3.3.8\Eigen\src\Core\products\GeneralMatrixMatrix.h(165): warning C6255: Функция _alloca сообщает об ошибке, вызывая исключение переполнения стека.  Попробуйте вместо этого использовать _malloca.
C:\RGD\SVD MATH\eigen-3.3.8\Eigen\src\Core\GeneralProduct.h(258): warning C6255: Функция _alloca сообщает об ошибке, вызывая исключение переполнения стека.  Попробуйте вместо этого использовать _malloca.
C:\RGD\SVD MATH\eigen-3.3.8\Eigen\src\Core\GeneralProduct.h(324): warning C6255: Функция _alloca сообщает об ошибке, вызывая исключение переполнения стека.  Попробуйте вместо этого использовать _malloca.
C:\RGD\SVD MATH\eigen-3.3.8\Eigen\src\Core\products\TriangularMatrixMatrix.h(141): warning C6255: Функция _alloca сообщает об ошибке, вызывая исключение переполнения стека.  Попробуйте вместо этого использовать _malloca.
C:\RGD\SVD MATH\eigen-3.3.8\Eigen\src\Core\products\TriangularMatrixMatrix.h(142): warning C6255: Функция _alloca сообщает об ошибке, вызывая исключение переполнения стека.  Попробуйте вместо этого использовать _malloca.
C:\RGD\SVD MATH\eigen-3.3.8\Eigen\src\Core\products\GeneralMatrixVector.h(134): warning C26812: Тип перечисления "Eigen::internal::general_matrix_vector_product<__int64,float,Eigen::internal::const_blas_data_mapper<float,__int64,0>,0,0,float,Eigen::internal::const_blas_data_mapper<float,__int64,1>,0,0>::run::__l4::<unnamed-enum-AllAligned>" не входит в область. Старайтесь использовать "enum class" вместо "enum" (Enum.3).
C:\RGD\SVD MATH\eigen-3.3.8\Eigen\src\Core\products\GeneralMatrixVector.h(406): warning C26812: Тип перечисления "Eigen::internal::general_matrix_vector_product<__int64,float,Eigen::internal::const_blas_data_mapper<float,__int64,1>,1,0,float,Eigen::internal::const_blas_data_mapper<float,__int64,0>,0,0>::run::__l2::<unnamed-enum-AllAligned>" не входит в область. Старайтесь использовать "enum class" вместо "enum" (Enum.3).
C:\RGD\SVD MATH\eigen-3.3.8\Eigen\src\Core\DenseStorage.h(114): warning C26495: Переменная "Eigen::internal::plain_array<float,256,0,16>::array" не инициализирована. Всегда инициализируйте переменную-член (type.6).
C:\RGD\SVD MATH\eigen-3.3.8\Eigen\src\Core\products\TriangularMatrixVector.h(315): warning C6255: Функция _alloca сообщает об ошибке, вызывая исключение переполнения стека.  Попробуйте вместо этого использовать _malloca.
C:\RGD\SVD MATH\eigen-3.3.8\Eigen\src\Core\products\GeneralBlockPanelKernel.h(1850): warning C26451: Арифметическое переполнение: использование оператора "*" на байтовом значении 4 и приведение результата к байтовому значению 8. Приведите значение к более широкому типу перед вызовом оператора "*", чтобы избежать переполнения (io.2).
C:\RGD\SVD MATH\eigen-3.3.8\Eigen\src\Core\products\GeneralBlockPanelKernel.h(1852): warning C26451: Арифметическое переполнение: использование оператора "*" на байтовом значении 4 и приведение результата к байтовому значению 8. Приведите значение к более широкому типу перед вызовом оператора "*", чтобы избежать переполнения (io.2).
C:\RGD\SVD MATH\eigen-3.3.8\Eigen\src\Core\products\GeneralBlockPanelKernel.h(1858): warning C26451: Арифметическое переполнение: использование оператора "-" на байтовом значении 4 и приведение результата к байтовому значению 8. Приведите значение к более широкому типу перед вызовом оператора "-", чтобы избежать переполнения (io.2).
C:\RGD\SVD MATH\eigen-3.3.8\Eigen\src\Core\products\TriangularMatrixVector.h(243): warning C6255: Функция _alloca сообщает об ошибке, вызывая исключение переполнения стека.  Попробуйте вместо этого использовать _malloca.
C:\Users\Dmitry\Documents\SVDCollocationAnalyzer\SVDCollocationAnalyzer\math_core.h(8): warning C26495: Переменная "math_core::number_of_slices" не инициализирована. Всегда инициализируйте переменную-член (type.6).
C:\Users\Dmitry\Documents\SVDCollocationAnalyzer\SVDCollocationAnalyzer\math_core.h(17): warning C26495: Переменная "math_core::number_of_slices" не инициализирована. Всегда инициализируйте переменную-член (type.6).
C:\Users\Dmitry\Documents\SVDCollocationAnalyzer\SVDCollocationAnalyzer\math_core.cpp(33): warning C6993: При анализе кода структуры OpenMP игнорируются; анализируется код одного потока.
C:\Users\Dmitry\Documents\SVDCollocationAnalyzer\SVDCollocationAnalyzer\math_core.cpp(305): warning C26451: Арифметическое переполнение: использование оператора "+" на байтовом значении 4 и приведение результата к байтовому значению 8. Приведите значение к более широкому типу перед вызовом оператора "+", чтобы избежать переполнения (io.2).
C:\Users\Dmitry\Documents\SVDCollocationAnalyzer\SVDCollocationAnalyzer\math_core.cpp(305): warning C26451: Арифметическое переполнение: использование оператора "+" на байтовом значении 4 и приведение результата к байтовому значению 8. Приведите значение к более широкому типу перед вызовом оператора "+", чтобы избежать переполнения (io.2).
C:\Users\Dmitry\Documents\SVDCollocationAnalyzer\SVDCollocationAnalyzer\math_core.cpp(308): warning C26451: Арифметическое переполнение: использование оператора "+" на байтовом значении 4 и приведение результата к байтовому значению 8. Приведите значение к более широкому типу перед вызовом оператора "+", чтобы избежать переполнения (io.2).
C:\Users\Dmitry\Documents\SVDCollocationAnalyzer\SVDCollocationAnalyzer\math_core.cpp(311): warning C26451: Арифметическое переполнение: использование оператора "+" на байтовом значении 4 и приведение результата к байтовому значению 8. Приведите значение к более широкому типу перед вызовом оператора "+", чтобы избежать переполнения (io.2).
C:\local\boost_1_75_0\boost\algorithm\string\split.hpp(148): warning C26812: Тип перечисления "boost::algorithm::token_compress_mode_type" не входит в область. Старайтесь использовать "enum class" вместо "enum" (Enum.3).
C:\Users\Dmitry\Documents\SVDCollocationAnalyzer\SVDCollocationAnalyzer\piecewise_container_class.cpp(67): warning C26815: Это висячий указатель, так как он указывает на временный экземпляр, который был уничтожен.
C:\Users\Dmitry\Documents\SVDCollocationAnalyzer\SVDCollocationAnalyzer\piecewise_container_class.cpp(95): warning C26815: Это висячий указатель, так как он указывает на временный экземпляр, который был уничтожен.
C:\Users\Dmitry\Documents\SVDCollocationAnalyzer\SVDCollocationAnalyzer\piecewise_container_class.cpp(123): warning C26451: Арифметическое переполнение: использование оператора "+" на байтовом значении 4 и приведение результата к байтовому значению 8. Приведите значение к более широкому типу перед вызовом оператора "+", чтобы избежать переполнения (io.2).
C:\Users\Dmitry\Documents\SVDCollocationAnalyzer\SVDCollocationAnalyzer\piecewise_container_class.cpp(123): warning C26451: Арифметическое переполнение: использование оператора "+" на байтовом значении 4 и приведение результата к байтовому значению 8. Приведите значение к более широкому типу перед вызовом оператора "+", чтобы избежать переполнения (io.2).
C:\Users\Dmitry\Documents\SVDCollocationAnalyzer\SVDCollocationAnalyzer\piecewise_container_class.cpp(152): warning C6001: Использование неинициализированной памяти "ret".
