c:\users\dmitry\documents\svdcollocationanalyzer\svdcollocationanalyzer\x64\debug\esp8c2e.tmp
c:\users\dmitry\documents\svdcollocationanalyzer\svdcollocationanalyzer\x64\debug\esp8c7e.tmp
c:\users\dmitry\documents\svdcollocationanalyzer\svdcollocationanalyzer\x64\debug\esp8b24.tmp
c:\users\dmitry\documents\svdcollocationanalyzer\svdcollocationanalyzer\x64\debug\esp8c7c.tmp
c:\users\dmitry\documents\svdcollocationanalyzer\svdcollocationanalyzer\x64\debug\espb82f.tmp
c:\users\dmitry\documents\svdcollocationanalyzer\svdcollocationanalyzer\x64\debug\main.nativecodeanalysis.sarif
c:\users\dmitry\documents\svdcollocationanalyzer\svdcollocationanalyzer\x64\debug\main.nativecodeanalysis.xml
c:\users\dmitry\documents\svdcollocationanalyzer\svdcollocationanalyzer\x64\debug\main.obj
c:\users\dmitry\documents\svdcollocationanalyzer\svdcollocationanalyzer\x64\debug\list_of_functions.nativecodeanalysis.sarif
c:\users\dmitry\documents\svdcollocationanalyzer\svdcollocationanalyzer\x64\debug\list_of_functions.nativecodeanalysis.xml
c:\users\dmitry\documents\svdcollocationanalyzer\svdcollocationanalyzer\x64\debug\list_of_functions.obj
c:\users\dmitry\documents\svdcollocationanalyzer\svdcollocationanalyzer\x64\debug\piecewise_container_class.nativecodeanalysis.sarif
c:\users\dmitry\documents\svdcollocationanalyzer\svdcollocationanalyzer\x64\debug\piecewise_container_class.nativecodeanalysis.xml
c:\users\dmitry\documents\svdcollocationanalyzer\svdcollocationanalyzer\x64\debug\piecewise_container_class.obj
c:\users\dmitry\documents\svdcollocationanalyzer\svdcollocationanalyzer\x64\debug\parser.nativecodeanalysis.sarif
c:\users\dmitry\documents\svdcollocationanalyzer\svdcollocationanalyzer\x64\debug\parser.nativecodeanalysis.xml
c:\users\dmitry\documents\svdcollocationanalyzer\svdcollocationanalyzer\x64\debug\parser.obj
c:\users\dmitry\documents\svdcollocationanalyzer\svdcollocationanalyzer\x64\debug\math_core.nativecodeanalysis.sarif
c:\users\dmitry\documents\svdcollocationanalyzer\svdcollocationanalyzer\x64\debug\math_core.nativecodeanalysis.xml
c:\users\dmitry\documents\svdcollocationanalyzer\svdcollocationanalyzer\x64\debug\math_core.obj
c:\users\dmitry\documents\svdcollocationanalyzer\svdcollocationanalyzer\x64\debug\analyzer.nativecodeanalysis.sarif
c:\users\dmitry\documents\svdcollocationanalyzer\svdcollocationanalyzer\x64\debug\analyzer.nativecodeanalysis.xml
c:\users\dmitry\documents\svdcollocationanalyzer\svdcollocationanalyzer\x64\debug\analyzer.obj
c:\users\dmitry\documents\svdcollocationanalyzer\svdcollocationanalyzer\x64\debug\container_class_interface.nativecodeanalysis.sarif
c:\users\dmitry\documents\svdcollocationanalyzer\svdcollocationanalyzer\x64\debug\container_class_interface.nativecodeanalysis.xml
c:\users\dmitry\documents\svdcollocationanalyzer\svdcollocationanalyzer\x64\debug\container_class_interface.obj
c:\users\dmitry\documents\svdcollocationanalyzer\svdcollocationanalyzer\x64\debug\vc142.pdb
c:\users\dmitry\documents\svdcollocationanalyzer\svdcollocationanalyzer\x64\debug\svdcollocationanalyzer.exe
c:\users\dmitry\documents\svdcollocationanalyzer\svdcollocationanalyzer\x64\debug\svdcollocationanalyzer.pdb
c:\users\dmitry\documents\svdcollocationanalyzer\svdcollocationanalyzer\x64\debug\svdcollocationanalyzer.lib
c:\users\dmitry\documents\svdcollocationanalyzer\svdcollocationanalyzer\x64\debug\svdcollocationanalyzer.exp
c:\users\dmitry\documents\svdcollocationanalyzer\svdcollocationanalyzer\x64\debug\esp53db.tmp
c:\users\dmitry\documents\svdcollocationanalyzer\svdcollocationanalyzer\x64\debug\espb6bb.tmp
c:\users\dmitry\documents\svdcollocationanalyzer\svdcollocationanalyzer\x64\debug\espc917.tmp
c:\users\dmitry\documents\svdcollocationanalyzer\svdcollocationanalyzer\x64\debug\espe5c0.tmp
c:\users\dmitry\documents\svdcollocationanalyzer\svdcollocationanalyzer\x64\debug\espff88.tmp
c:\users\dmitry\documents\svdcollocationanalyzer\svdcollocationanalyzer\x64\debug\vc.nativecodeanalysis.all.xml
c:\users\dmitry\documents\svdcollocationanalyzer\svdcollocationanalyzer\x64\debug\svdcollo.c8ee62fc.tlog\cl.command.1.tlog
c:\users\dmitry\documents\svdcollocationanalyzer\svdcollocationanalyzer\x64\debug\svdcollo.c8ee62fc.tlog\cl.read.1.tlog
c:\users\dmitry\documents\svdcollocationanalyzer\svdcollocationanalyzer\x64\debug\svdcollo.c8ee62fc.tlog\cl.write.1.tlog
c:\users\dmitry\documents\svdcollocationanalyzer\svdcollocationanalyzer\x64\debug\svdcollo.c8ee62fc.tlog\link.9388.delete.1.tlog
c:\users\dmitry\documents\svdcollocationanalyzer\svdcollocationanalyzer\x64\debug\svdcollo.c8ee62fc.tlog\link.command.1.tlog
c:\users\dmitry\documents\svdcollocationanalyzer\svdcollocationanalyzer\x64\debug\svdcollo.c8ee62fc.tlog\link.read.1.tlog
c:\users\dmitry\documents\svdcollocationanalyzer\svdcollocationanalyzer\x64\debug\svdcollo.c8ee62fc.tlog\link.write.1.tlog
c:\users\dmitry\documents\svdcollocationanalyzer\svdcollocationanalyzer\x64\debug\svdcollo.c8ee62fc.tlog\svdcollocationanalyzer.write.1u.tlog
